[DEBUG] [2021-05-11 11:16] testOpenSession()
[DEBUG] [2021-05-11 11:16] session org.apache.ibatis.session.defaults.DefaultSqlSession@3de9b7bc
[DEBUG] [2021-05-11 11:16] testDataSource()
[DEBUG] [2021-05-11 11:16] DataSource HikariDataSource (HikariPool-2)
[DEBUG] [2021-05-11 11:16] LoginTimeout 30
[DEBUG] [2021-05-11 11:18] testOpenSession()
[DEBUG] [2021-05-11 11:18] session org.apache.ibatis.session.defaults.DefaultSqlSession@45fd9a4d
[DEBUG] [2021-05-11 11:18] testDataSource()
[DEBUG] [2021-05-11 11:18] DataSource HikariDataSource (HikariPool-1)
[DEBUG] [2021-05-11 11:18] LoginTimeout 30
[DEBUG] [2021-05-11 14:14] testDataSource()
[DEBUG] [2021-05-11 14:14] DataSource HikariDataSource (HikariPool-1)
[DEBUG] [2021-05-11 14:14] LoginTimeout 30
[DEBUG] [2021-05-11 14:14] testOpenSession()
[DEBUG] [2021-05-11 14:14] session org.apache.ibatis.session.defaults.DefaultSqlSession@6640e97d
[DEBUG] [2021-05-11 14:14] testSelectStudentById()
[DEBUG] [2021-05-11 14:14] ==>  Preparing: select stud_id, name, email, dob, phone from students where stud_id = ?
[DEBUG] [2021-05-11 14:14] ==> Parameters: 1(Integer)
[TRACE] [2021-05-11 14:14] <==    Columns: stud_id, name, email, dob, phone
[TRACE] [2021-05-11 14:14] <==        Row: 1, Timothy, timothy@gmail.com, 1988-04-25, 123-123-1234
[DEBUG] [2021-05-11 14:14] <==      Total: 1
[DEBUG] [2021-05-11 14:14] Student [1, Timothy, timothy@gmail.com, Mon Apr 25 00:00:00 KST 1988, null]
[DEBUG] [2021-05-11 14:14] testDataSource()
[DEBUG] [2021-05-11 14:14] DataSource HikariDataSource (HikariPool-1)
[DEBUG] [2021-05-11 14:14] LoginTimeout 30
[DEBUG] [2021-05-11 14:16] testDataSource()
[DEBUG] [2021-05-11 14:16] DataSource HikariDataSource (HikariPool-1)
[DEBUG] [2021-05-11 14:16] LoginTimeout 30
[DEBUG] [2021-05-11 14:16] testOpenSession()
[DEBUG] [2021-05-11 14:16] session org.apache.ibatis.session.defaults.DefaultSqlSession@549949be
[DEBUG] [2021-05-11 14:16] testSelectStudentById()
[DEBUG] [2021-05-11 14:16] ==>  Preparing: select stud_id, name, email, dob, phone from students where stud_id = ?
[DEBUG] [2021-05-11 14:16] ==> Parameters: 1(Integer)
[TRACE] [2021-05-11 14:16] <==    Columns: stud_id, name, email, dob, phone
[TRACE] [2021-05-11 14:16] <==        Row: 1, Timothy, timothy@gmail.com, 1988-04-25, 123-123-1234
[DEBUG] [2021-05-11 14:16] <==      Total: 1
[DEBUG] [2021-05-11 14:16] Student [1, Timothy, timothy@gmail.com, Mon Apr 25 00:00:00 KST 1988, null]
[DEBUG] [2021-05-11 14:25] testDataSource()
[DEBUG] [2021-05-11 14:25] DataSource HikariDataSource (HikariPool-1)
[DEBUG] [2021-05-11 14:25] LoginTimeout 30
[DEBUG] [2021-05-11 14:25] testSelectStudentById()
[DEBUG] [2021-05-11 14:25] ==>  Preparing: select stud_id, name, email, dob, phone from students where stud_id = ?
[DEBUG] [2021-05-11 14:25] ==> Parameters: 1(Integer)
[TRACE] [2021-05-11 14:25] <==    Columns: stud_id, name, email, dob, phone
[TRACE] [2021-05-11 14:25] <==        Row: 1, Timothy, timothy@gmail.com, 1988-04-25, 123-123-1234
[DEBUG] [2021-05-11 14:25] <==      Total: 1
[DEBUG] [2021-05-11 14:25] Student [1, Timothy, timothy@gmail.com, Mon Apr 25 00:00:00 KST 1988, null]
[DEBUG] [2021-05-11 14:26] testSelectStudentById()
[DEBUG] [2021-05-11 14:26] ==>  Preparing: select stud_id, name, email, dob, phone from students where stud_id = ?
[DEBUG] [2021-05-11 14:26] ==> Parameters: 1(Integer)
[TRACE] [2021-05-11 14:26] <==    Columns: stud_id, name, email, dob, phone
[TRACE] [2021-05-11 14:26] <==        Row: 1, Timothy, timothy@gmail.com, 1988-04-25, 123-123-1234
[DEBUG] [2021-05-11 14:26] <==      Total: 1
[DEBUG] [2021-05-11 14:26] Student [1, Timothy, timothy@gmail.com, Mon Apr 25 00:00:00 KST 1988, null]
[DEBUG] [2021-05-11 14:28] testSelectStudentById()
[DEBUG] [2021-05-11 14:28] ==>  Preparing: select stud_id, name, email, dob, phone from students where stud_id = ?
[DEBUG] [2021-05-11 14:28] ==> Parameters: 1(Integer)
[TRACE] [2021-05-11 14:28] <==    Columns: stud_id, name, email, dob, phone
[TRACE] [2021-05-11 14:28] <==        Row: 1, Timothy, timothy@gmail.com, 1988-04-25, 123-123-1234
[DEBUG] [2021-05-11 14:28] <==      Total: 1
[DEBUG] [2021-05-11 14:28] Student [1, Timothy, timothy@gmail.com, Mon Apr 25 00:00:00 KST 1988, null]
[DEBUG] [2021-05-11 14:29] testSelectStudentById()
[DEBUG] [2021-05-11 14:29] ==>  Preparing: select stud_id, name, email, dob, phone from students where stud_id = ?
[DEBUG] [2021-05-11 14:29] ==> Parameters: 1(Integer)
[TRACE] [2021-05-11 14:29] <==    Columns: stud_id, name, email, dob, phone
[TRACE] [2021-05-11 14:29] <==        Row: 1, Timothy, timothy@gmail.com, 1988-04-25, 123-123-1234
[DEBUG] [2021-05-11 14:29] <==      Total: 1
[DEBUG] [2021-05-11 14:29] Student [1, Timothy, timothy@gmail.com, Mon Apr 25 00:00:00 KST 1988, null]
[DEBUG] [2021-05-11 14:32] testSelectStudentById()
[DEBUG] [2021-05-11 14:32] ==>  Preparing: select stud_id, name, email, dob, phone from students where stud_id = ?
[DEBUG] [2021-05-11 14:32] ==> Parameters: 1(Integer)
[TRACE] [2021-05-11 14:32] <==    Columns: stud_id, name, email, dob, phone
[TRACE] [2021-05-11 14:32] <==        Row: 1, Timothy, timothy@gmail.com, 1988-04-25, 123-123-1234
[DEBUG] [2021-05-11 14:32] <==      Total: 1
[DEBUG] [2021-05-11 14:32] Student [1, Timothy, timothy@gmail.com, Mon Apr 25 00:00:00 KST 1988, null]
[DEBUG] [2021-05-11 14:47] testSelectStudentByNoWithResultMap()
[DEBUG] [2021-05-11 14:47] testSelectStudentById()
[DEBUG] [2021-05-11 14:47] ==>  Preparing: select stud_id, name, email, dob, phone from students where stud_id = ?
[DEBUG] [2021-05-11 14:47] ==> Parameters: 1(Integer)
[TRACE] [2021-05-11 14:47] <==    Columns: stud_id, name, email, dob, phone
[TRACE] [2021-05-11 14:47] <==        Row: 1, Timothy, timothy@gmail.com, 1988-04-25, 123-123-1234
[DEBUG] [2021-05-11 14:47] <==      Total: 1
[DEBUG] [2021-05-11 14:47] Student [1, Timothy, timothy@gmail.com, Mon Apr 25 00:00:00 KST 1988, null]
[DEBUG] [2021-05-11 14:49] testSelectStudentByNoWithResultMap()
[DEBUG] [2021-05-11 14:49] testSelectStudentById()
[DEBUG] [2021-05-11 14:49] ==>  Preparing: select stud_id, name, email, dob, phone from students where stud_id = ?
[DEBUG] [2021-05-11 14:49] ==> Parameters: 1(Integer)
[TRACE] [2021-05-11 14:49] <==    Columns: stud_id, name, email, dob, phone
[TRACE] [2021-05-11 14:49] <==        Row: 1, Timothy, timothy@gmail.com, 1988-04-25, 123-123-1234
[DEBUG] [2021-05-11 14:49] <==      Total: 1
[DEBUG] [2021-05-11 14:49] Student [1, Timothy, timothy@gmail.com, Mon Apr 25 00:00:00 KST 1988, null]
[DEBUG] [2021-05-11 14:53] testSelectStudentByIdWithResultMap()
[DEBUG] [2021-05-11 14:53] testSelectStudentById()
[DEBUG] [2021-05-11 14:53] ==>  Preparing: select stud_id, name, email, dob, phone from students where stud_id = ?
[DEBUG] [2021-05-11 14:53] ==> Parameters: 1(Integer)
[TRACE] [2021-05-11 14:53] <==    Columns: stud_id, name, email, dob, phone
[TRACE] [2021-05-11 14:53] <==        Row: 1, Timothy, timothy@gmail.com, 1988-04-25, 123-123-1234
[DEBUG] [2021-05-11 14:53] <==      Total: 1
[DEBUG] [2021-05-11 14:53] Student [1, Timothy, timothy@gmail.com, Mon Apr 25 00:00:00 KST 1988, null]
[DEBUG] [2021-05-11 14:58] testSelectStudentByAll()
[DEBUG] [2021-05-11 14:58] ==>  Preparing: select stud_id, name, email, dob, phone from students
[DEBUG] [2021-05-11 14:58] ==> Parameters: 
[TRACE] [2021-05-11 14:58] <==    Columns: stud_id, name, email, dob, phone
[TRACE] [2021-05-11 14:58] <==        Row: 1, Timothy, timothy@gmail.com, 1988-04-25, 123-123-1234
[TRACE] [2021-05-11 14:58] <==        Row: 2, Douglas, douglas@gmail.com, 1990-08-15, 789-456-1234
[DEBUG] [2021-05-11 14:58] <==      Total: 2
[DEBUG] [2021-05-11 14:58] Student [1, Timothy, timothy@gmail.com, Mon Apr 25 00:00:00 KST 1988, null]
[DEBUG] [2021-05-11 14:58] Student [2, Douglas, douglas@gmail.com, Wed Aug 15 00:00:00 KST 1990, null]
[DEBUG] [2021-05-11 14:58] testSelectStudentByIdWithResultMap()
[DEBUG] [2021-05-11 14:58] ==>  Preparing: select stud_id, name, email, dob , substring(phone, 1, 3) as f , substring(phone, 5, 3) as m , substring(phone, 9, 4) as l from students where stud_id = ?;
[DEBUG] [2021-05-11 14:58] ==> Parameters: 1(Integer)
[TRACE] [2021-05-11 14:58] <==    Columns: stud_id, name, email, dob, f, m, l
[TRACE] [2021-05-11 14:58] <==        Row: 1, Timothy, timothy@gmail.com, 1988-04-25, 123, 123, 1234
[DEBUG] [2021-05-11 14:58] <==      Total: 1
[DEBUG] [2021-05-11 14:58] Student [1, Timothy, timothy@gmail.com, Mon Apr 25 00:00:00 KST 1988, 123-123-1234]
[DEBUG] [2021-05-11 14:58] testSelectStudentById()
[DEBUG] [2021-05-11 14:58] ==>  Preparing: select stud_id, name, email, dob, phone from students where stud_id = ?
[DEBUG] [2021-05-11 14:58] ==> Parameters: 1(Integer)
[TRACE] [2021-05-11 14:58] <==    Columns: stud_id, name, email, dob, phone
[TRACE] [2021-05-11 14:58] <==        Row: 1, Timothy, timothy@gmail.com, 1988-04-25, 123-123-1234
[DEBUG] [2021-05-11 14:58] <==      Total: 1
[DEBUG] [2021-05-11 14:58] Student [1, Timothy, timothy@gmail.com, Mon Apr 25 00:00:00 KST 1988, null]
[DEBUG] [2021-05-11 14:59] testOpenSession()
[DEBUG] [2021-05-11 14:59] session org.apache.ibatis.session.defaults.DefaultSqlSession@13cf7d52
[DEBUG] [2021-05-11 14:59] testDataSource()
[DEBUG] [2021-05-11 14:59] DataSource HikariDataSource (HikariPool-1)
[DEBUG] [2021-05-11 14:59] LoginTimeout 30
[DEBUG] [2021-05-11 14:59] testSelectStudentByAll()
[DEBUG] [2021-05-11 14:59] ==>  Preparing: select stud_id, name, email, dob, phone from students
[DEBUG] [2021-05-11 14:59] ==> Parameters: 
[TRACE] [2021-05-11 14:59] <==    Columns: stud_id, name, email, dob, phone
[TRACE] [2021-05-11 14:59] <==        Row: 1, Timothy, timothy@gmail.com, 1988-04-25, 123-123-1234
[TRACE] [2021-05-11 14:59] <==        Row: 2, Douglas, douglas@gmail.com, 1990-08-15, 789-456-1234
[DEBUG] [2021-05-11 14:59] <==      Total: 2
[DEBUG] [2021-05-11 14:59] Student [1, Timothy, timothy@gmail.com, Mon Apr 25 00:00:00 KST 1988, null]
[DEBUG] [2021-05-11 14:59] Student [2, Douglas, douglas@gmail.com, Wed Aug 15 00:00:00 KST 1990, null]
[DEBUG] [2021-05-11 14:59] testSelectStudentByIdWithResultMap()
[DEBUG] [2021-05-11 14:59] ==>  Preparing: select stud_id, name, email, dob , substring(phone, 1, 3) as f , substring(phone, 5, 3) as m , substring(phone, 9, 4) as l from students where stud_id = ?;
[DEBUG] [2021-05-11 14:59] ==> Parameters: 1(Integer)
[TRACE] [2021-05-11 14:59] <==    Columns: stud_id, name, email, dob, f, m, l
[TRACE] [2021-05-11 14:59] <==        Row: 1, Timothy, timothy@gmail.com, 1988-04-25, 123, 123, 1234
[DEBUG] [2021-05-11 14:59] <==      Total: 1
[DEBUG] [2021-05-11 14:59] Student [1, Timothy, timothy@gmail.com, Mon Apr 25 00:00:00 KST 1988, 123-123-1234]
[DEBUG] [2021-05-11 14:59] testSelectStudentById()
[DEBUG] [2021-05-11 14:59] ==>  Preparing: select stud_id, name, email, dob, phone from students where stud_id = ?
[DEBUG] [2021-05-11 14:59] ==> Parameters: 1(Integer)
[TRACE] [2021-05-11 14:59] <==    Columns: stud_id, name, email, dob, phone
[TRACE] [2021-05-11 14:59] <==        Row: 1, Timothy, timothy@gmail.com, 1988-04-25, 123-123-1234
[DEBUG] [2021-05-11 14:59] <==      Total: 1
[DEBUG] [2021-05-11 14:59] Student [1, Timothy, timothy@gmail.com, Mon Apr 25 00:00:00 KST 1988, null]
[DEBUG] [2021-05-11 15:10] testSelectStudentByAll()
[DEBUG] [2021-05-11 15:10] ==>  Preparing: select stud_id, name, email, dob, phone from students
[DEBUG] [2021-05-11 15:10] ==> Parameters: 
[TRACE] [2021-05-11 15:10] <==    Columns: stud_id, name, email, dob, phone
[TRACE] [2021-05-11 15:10] <==        Row: 1, Timothy, timothy@gmail.com, 1988-04-25, 123-123-1234
[TRACE] [2021-05-11 15:10] <==        Row: 2, Douglas, douglas@gmail.com, 1990-08-15, 789-456-1234
[DEBUG] [2021-05-11 15:10] <==      Total: 2
[DEBUG] [2021-05-11 15:10] Student [1, Timothy, timothy@gmail.com, Mon Apr 25 00:00:00 KST 1988, 123-123-1234]
[DEBUG] [2021-05-11 15:10] Student [2, Douglas, douglas@gmail.com, Wed Aug 15 00:00:00 KST 1990, 789-456-1234]
[DEBUG] [2021-05-11 15:10] testSelectStudentByIdWithResultMap()
[DEBUG] [2021-05-11 15:10] ==>  Preparing: select stud_id, name, email, dob , substring(phone, 1, 3) as f , substring(phone, 5, 3) as m , substring(phone, 9, 4) as l from students where stud_id = ?;
[DEBUG] [2021-05-11 15:10] ==> Parameters: 1(Integer)
[TRACE] [2021-05-11 15:10] <==    Columns: stud_id, name, email, dob, f, m, l
[TRACE] [2021-05-11 15:10] <==        Row: 1, Timothy, timothy@gmail.com, 1988-04-25, 123, 123, 1234
[DEBUG] [2021-05-11 15:10] <==      Total: 1
[DEBUG] [2021-05-11 15:10] Student [1, Timothy, timothy@gmail.com, Mon Apr 25 00:00:00 KST 1988, 123-123-1234]
[DEBUG] [2021-05-11 15:10] testSelectStudentById()
[DEBUG] [2021-05-11 15:10] ==>  Preparing: select stud_id, name, email, dob, phone from students where stud_id = ?
[DEBUG] [2021-05-11 15:10] ==> Parameters: 1(Integer)
[TRACE] [2021-05-11 15:10] <==    Columns: stud_id, name, email, dob, phone
[TRACE] [2021-05-11 15:10] <==        Row: 1, Timothy, timothy@gmail.com, 1988-04-25, 123-123-1234
[DEBUG] [2021-05-11 15:10] <==      Total: 1
[DEBUG] [2021-05-11 15:10] Student [1, Timothy, timothy@gmail.com, Mon Apr 25 00:00:00 KST 1988, 123-123-1234]
[DEBUG] [2021-05-11 15:24] testSelectStudentByAll()
[DEBUG] [2021-05-11 15:24] ==>  Preparing: select stud_id, name, email, dob, phone from students
[DEBUG] [2021-05-11 15:24] ==> Parameters: 
[TRACE] [2021-05-11 15:24] <==    Columns: stud_id, name, email, dob, phone
[TRACE] [2021-05-11 15:24] <==        Row: 1, Timothy, timothy@gmail.com, 1988-04-25, 123-123-1234
[TRACE] [2021-05-11 15:24] <==        Row: 2, Douglas, douglas@gmail.com, 1990-08-15, 789-456-1234
[DEBUG] [2021-05-11 15:24] <==      Total: 2
[DEBUG] [2021-05-11 15:24] Student [1, Timothy, timothy@gmail.com, Mon Apr 25 00:00:00 KST 1988, 123-123-1234]
[DEBUG] [2021-05-11 15:24] Student [2, Douglas, douglas@gmail.com, Wed Aug 15 00:00:00 KST 1990, 789-456-1234]
[DEBUG] [2021-05-11 15:24] ==>  Preparing: insert into students(stud_id, name, email, phone, dob) values(?, ?, ?, ?, ?)
[DEBUG] [2021-05-11 15:24] ==> Parameters: 3(Integer), 홍길동3(String), lee@test.co.kr(String), 010-1234-1234(String), 1990-03-28 15:24:23.81(Timestamp)
[DEBUG] [2021-05-11 15:24] <==    Updates: 1
[DEBUG] [2021-05-11 15:24] testSelectStudentByIdWithResultMap()
[DEBUG] [2021-05-11 15:24] ==>  Preparing: select stud_id, name, email, dob , substring(phone, 1, 3) as f , substring(phone, 5, 3) as m , substring(phone, 9, 4) as l from students where stud_id = ?;
[DEBUG] [2021-05-11 15:24] ==> Parameters: 1(Integer)
[TRACE] [2021-05-11 15:24] <==    Columns: stud_id, name, email, dob, f, m, l
[TRACE] [2021-05-11 15:24] <==        Row: 1, Timothy, timothy@gmail.com, 1988-04-25, 123, 123, 1234
[DEBUG] [2021-05-11 15:24] <==      Total: 1
[DEBUG] [2021-05-11 15:24] Student [1, Timothy, timothy@gmail.com, Mon Apr 25 00:00:00 KST 1988, 123-123-1234]
[DEBUG] [2021-05-11 15:24] testSelectStudentById()
[DEBUG] [2021-05-11 15:24] ==>  Preparing: select stud_id, name, email, dob, phone from students where stud_id = ?
[DEBUG] [2021-05-11 15:24] ==> Parameters: 1(Integer)
[TRACE] [2021-05-11 15:24] <==    Columns: stud_id, name, email, dob, phone
[TRACE] [2021-05-11 15:24] <==        Row: 1, Timothy, timothy@gmail.com, 1988-04-25, 123-123-1234
[DEBUG] [2021-05-11 15:24] <==      Total: 1
[DEBUG] [2021-05-11 15:24] Student [1, Timothy, timothy@gmail.com, Mon Apr 25 00:00:00 KST 1988, 123-123-1234]
[DEBUG] [2021-05-11 15:32] ==>  Preparing: insert into students(stud_id, name, email, phone, dob) values(?, ?, ?, ?, ?)
[DEBUG] [2021-05-11 15:32] ==> Parameters: 3(Integer), 홍길동3(String), lee@test.co.kr(String), 010-1234-1234(String), 1990-03-28 15:32:19.245(Timestamp)
[DEBUG] [2021-05-11 15:32] testSelectStudentByAll()
[DEBUG] [2021-05-11 15:32] ==>  Preparing: select stud_id, name, email, dob, phone from students
[DEBUG] [2021-05-11 15:32] ==> Parameters: 
[TRACE] [2021-05-11 15:32] <==    Columns: stud_id, name, email, dob, phone
[TRACE] [2021-05-11 15:32] <==        Row: 1, Timothy, timothy@gmail.com, 1988-04-25, 123-123-1234
[TRACE] [2021-05-11 15:32] <==        Row: 2, Douglas, douglas@gmail.com, 1990-08-15, 789-456-1234
[TRACE] [2021-05-11 15:32] <==        Row: 3, 홍길동3, lee@test.co.kr, 1990-03-28, 010-1234-1234
[DEBUG] [2021-05-11 15:32] <==      Total: 3
[DEBUG] [2021-05-11 15:32] Student [1, Timothy, timothy@gmail.com, Mon Apr 25 00:00:00 KST 1988, 123-123-1234]
[DEBUG] [2021-05-11 15:32] Student [2, Douglas, douglas@gmail.com, Wed Aug 15 00:00:00 KST 1990, 789-456-1234]
[DEBUG] [2021-05-11 15:32] Student [3, 홍길동3, lee@test.co.kr, Wed Mar 28 00:00:00 KST 1990, 010-1234-1234]
[DEBUG] [2021-05-11 15:32] testSelectStudentByIdWithResultMap()
[DEBUG] [2021-05-11 15:32] ==>  Preparing: select stud_id, name, email, dob , substring(phone, 1, 3) as f , substring(phone, 5, 3) as m , substring(phone, 9, 4) as l from students where stud_id = ?;
[DEBUG] [2021-05-11 15:32] ==> Parameters: 1(Integer)
[TRACE] [2021-05-11 15:32] <==    Columns: stud_id, name, email, dob, f, m, l
[TRACE] [2021-05-11 15:32] <==        Row: 1, Timothy, timothy@gmail.com, 1988-04-25, 123, 123, 1234
[DEBUG] [2021-05-11 15:32] <==      Total: 1
[DEBUG] [2021-05-11 15:32] Student [1, Timothy, timothy@gmail.com, Mon Apr 25 00:00:00 KST 1988, 123-123-1234]
[DEBUG] [2021-05-11 15:32] test05UpdateStudent()
[DEBUG] [2021-05-11 15:32] ==>  Preparing: update students set name=?, email=?,phone=?, dob=? where stud_id=? S
[DEBUG] [2021-05-11 15:32] ==> Parameters: Timothy(String), test@test.co.kr(String), 987-654-3211(String), 2021-05-11 15:32:19.426(Timestamp), 1(Integer)
[DEBUG] [2021-05-11 15:32] testSelectStudentById()
[DEBUG] [2021-05-11 15:32] ==>  Preparing: select stud_id, name, email, dob, phone from students where stud_id = ?
[DEBUG] [2021-05-11 15:32] ==> Parameters: 1(Integer)
[TRACE] [2021-05-11 15:32] <==    Columns: stud_id, name, email, dob, phone
[TRACE] [2021-05-11 15:32] <==        Row: 1, Timothy, timothy@gmail.com, 1988-04-25, 123-123-1234
[DEBUG] [2021-05-11 15:32] <==      Total: 1
[DEBUG] [2021-05-11 15:32] Student [1, Timothy, timothy@gmail.com, Mon Apr 25 00:00:00 KST 1988, 123-123-1234]
[DEBUG] [2021-05-11 15:32] test06DeleteStudent()
[DEBUG] [2021-05-11 15:32] ==>  Preparing: delete from students where stud_id=?
[DEBUG] [2021-05-11 15:32] ==> Parameters: 3(Integer)
[DEBUG] [2021-05-11 15:32] <==    Updates: 1
[DEBUG] [2021-05-11 15:32] ==>  Preparing: insert into students(stud_id, name, email, phone, dob) values(?, ?, ?, ?, ?)
[DEBUG] [2021-05-11 15:32] ==> Parameters: 3(Integer), 홍길동3(String), lee@test.co.kr(String), 010-1234-1234(String), 1990-03-28 15:32:54.481(Timestamp)
[DEBUG] [2021-05-11 15:32] <==    Updates: 1
[DEBUG] [2021-05-11 15:32] testSelectStudentByAll()
[DEBUG] [2021-05-11 15:32] ==>  Preparing: select stud_id, name, email, dob, phone from students
[DEBUG] [2021-05-11 15:32] ==> Parameters: 
[TRACE] [2021-05-11 15:32] <==    Columns: stud_id, name, email, dob, phone
[TRACE] [2021-05-11 15:32] <==        Row: 1, Timothy, timothy@gmail.com, 1988-04-25, 123-123-1234
[TRACE] [2021-05-11 15:32] <==        Row: 2, Douglas, douglas@gmail.com, 1990-08-15, 789-456-1234
[TRACE] [2021-05-11 15:32] <==        Row: 3, 홍길동3, lee@test.co.kr, 1990-03-28, 010-1234-1234
[DEBUG] [2021-05-11 15:32] <==      Total: 3
[DEBUG] [2021-05-11 15:32] Student [1, Timothy, timothy@gmail.com, Mon Apr 25 00:00:00 KST 1988, 123-123-1234]
[DEBUG] [2021-05-11 15:32] Student [2, Douglas, douglas@gmail.com, Wed Aug 15 00:00:00 KST 1990, 789-456-1234]
[DEBUG] [2021-05-11 15:32] Student [3, 홍길동3, lee@test.co.kr, Wed Mar 28 00:00:00 KST 1990, 010-1234-1234]
[DEBUG] [2021-05-11 15:32] testSelectStudentByIdWithResultMap()
[DEBUG] [2021-05-11 15:32] ==>  Preparing: select stud_id, name, email, dob , substring(phone, 1, 3) as f , substring(phone, 5, 3) as m , substring(phone, 9, 4) as l from students where stud_id = ?;
[DEBUG] [2021-05-11 15:32] ==> Parameters: 1(Integer)
[TRACE] [2021-05-11 15:32] <==    Columns: stud_id, name, email, dob, f, m, l
[TRACE] [2021-05-11 15:32] <==        Row: 1, Timothy, timothy@gmail.com, 1988-04-25, 123, 123, 1234
[DEBUG] [2021-05-11 15:32] <==      Total: 1
[DEBUG] [2021-05-11 15:32] Student [1, Timothy, timothy@gmail.com, Mon Apr 25 00:00:00 KST 1988, 123-123-1234]
[DEBUG] [2021-05-11 15:32] test05UpdateStudent()
[DEBUG] [2021-05-11 15:32] ==>  Preparing: update students set name=?, email=?,phone=?, dob=? where stud_id=?
[DEBUG] [2021-05-11 15:32] ==> Parameters: Timothy(String), test@test.co.kr(String), 987-654-3211(String), 2021-05-11 15:32:54.588(Timestamp), 1(Integer)
[DEBUG] [2021-05-11 15:32] <==    Updates: 1
[DEBUG] [2021-05-11 15:32] ==>  Preparing: update students set name=?, email=?,phone=?, dob=? where stud_id=?
[DEBUG] [2021-05-11 15:32] ==> Parameters: Timothy(String), timothy@gmail.com(String), 123-123-1234(String), 1988-05-25 00:00:00.0(Timestamp), 1(Integer)
[DEBUG] [2021-05-11 15:32] <==    Updates: 1
[DEBUG] [2021-05-11 15:32] testSelectStudentById()
[DEBUG] [2021-05-11 15:32] ==>  Preparing: select stud_id, name, email, dob, phone from students where stud_id = ?
[DEBUG] [2021-05-11 15:32] ==> Parameters: 1(Integer)
[TRACE] [2021-05-11 15:32] <==    Columns: stud_id, name, email, dob, phone
[TRACE] [2021-05-11 15:32] <==        Row: 1, Timothy, timothy@gmail.com, 1988-05-25, 123-123-1234
[DEBUG] [2021-05-11 15:32] <==      Total: 1
[DEBUG] [2021-05-11 15:32] Student [1, Timothy, timothy@gmail.com, Wed May 25 00:00:00 KDT 1988, 123-123-1234]
[DEBUG] [2021-05-11 15:32] test06DeleteStudent()
[DEBUG] [2021-05-11 15:32] ==>  Preparing: delete from students where stud_id=?
[DEBUG] [2021-05-11 15:32] ==> Parameters: 3(Integer)
[DEBUG] [2021-05-11 15:32] <==    Updates: 1
[DEBUG] [2021-05-11 15:39] ==>  Preparing: insert into students(stud_id, name, email, phone, dob) values(?, ?, ?, ?, ?)
[DEBUG] [2021-05-11 15:39] ==> Parameters: 3(Integer), 홍길동3(String), lee@test.co.kr(String), 010-1234-1234(String), 1990-03-28 15:39:07.19(Timestamp)
[DEBUG] [2021-05-11 15:39] <==    Updates: 1
[DEBUG] [2021-05-11 15:39] testSelectStudentByAll()
[DEBUG] [2021-05-11 15:39] ==>  Preparing: select stud_id, name, email, dob, phone from students
[DEBUG] [2021-05-11 15:39] ==> Parameters: 
[TRACE] [2021-05-11 15:39] <==    Columns: stud_id, name, email, dob, phone
[TRACE] [2021-05-11 15:39] <==        Row: 1, Timothy, timothy@gmail.com, 1988-05-25, 123-123-1234
[TRACE] [2021-05-11 15:39] <==        Row: 2, Douglas, douglas@gmail.com, 1990-08-15, 789-456-1234
[TRACE] [2021-05-11 15:39] <==        Row: 3, 홍길동3, lee@test.co.kr, 1990-03-28, 010-1234-1234
[DEBUG] [2021-05-11 15:39] <==      Total: 3
[DEBUG] [2021-05-11 15:39] Student [1, Timothy, timothy@gmail.com, Wed May 25 00:00:00 KDT 1988, 123-123-1234]
[DEBUG] [2021-05-11 15:39] Student [2, Douglas, douglas@gmail.com, Wed Aug 15 00:00:00 KST 1990, 789-456-1234]
[DEBUG] [2021-05-11 15:39] Student [3, 홍길동3, lee@test.co.kr, Wed Mar 28 00:00:00 KST 1990, 010-1234-1234]
[DEBUG] [2021-05-11 15:39] testSelectStudentByIdWithResultMap()
[DEBUG] [2021-05-11 15:39] ==>  Preparing: select stud_id, name, email, dob , substring(phone, 1, 3) as f , substring(phone, 5, 3) as m , substring(phone, 9, 4) as l from students where stud_id = ?;
[DEBUG] [2021-05-11 15:39] ==> Parameters: 1(Integer)
[TRACE] [2021-05-11 15:39] <==    Columns: stud_id, name, email, dob, f, m, l
[TRACE] [2021-05-11 15:39] <==        Row: 1, Timothy, timothy@gmail.com, 1988-05-25, 123, 123, 1234
[DEBUG] [2021-05-11 15:39] <==      Total: 1
[DEBUG] [2021-05-11 15:39] Student [1, Timothy, timothy@gmail.com, Wed May 25 00:00:00 KDT 1988, 123-123-1234]
[DEBUG] [2021-05-11 15:39] test05UpdateStudent()
[DEBUG] [2021-05-11 15:39] ==>  Preparing: update students set name=?, email=?,phone=?, dob=? where stud_id=?
[DEBUG] [2021-05-11 15:39] ==> Parameters: Timothy(String), test@test.co.kr(String), 987-654-3211(String), 2021-05-11 15:39:07.297(Timestamp), 1(Integer)
[DEBUG] [2021-05-11 15:39] <==    Updates: 1
[DEBUG] [2021-05-11 15:39] ==>  Preparing: update students set name=?, email=?,phone=?, dob=? where stud_id=?
[DEBUG] [2021-05-11 15:39] ==> Parameters: Timothy(String), timothy@gmail.com(String), 123-123-1234(String), 1988-05-25 00:00:00.0(Timestamp), 1(Integer)
[DEBUG] [2021-05-11 15:39] <==    Updates: 1
[DEBUG] [2021-05-11 15:39] testSelectStudentById()
[DEBUG] [2021-05-11 15:39] ==>  Preparing: select stud_id, name, email, dob, phone from students where stud_id = ?
[DEBUG] [2021-05-11 15:39] ==> Parameters: 1(Integer)
[TRACE] [2021-05-11 15:39] <==    Columns: stud_id, name, email, dob, phone
[TRACE] [2021-05-11 15:39] <==        Row: 1, Timothy, timothy@gmail.com, 1988-05-25, 123-123-1234
[DEBUG] [2021-05-11 15:39] <==      Total: 1
[DEBUG] [2021-05-11 15:39] Student [1, Timothy, timothy@gmail.com, Wed May 25 00:00:00 KDT 1988, 123-123-1234]
[DEBUG] [2021-05-11 15:39] test06DeleteStudent()
[DEBUG] [2021-05-11 15:39] ==>  Preparing: delete from students where stud_id=?
[DEBUG] [2021-05-11 15:39] ==> Parameters: 3(Integer)
[DEBUG] [2021-05-11 15:39] <==    Updates: 1
[DEBUG] [2021-05-11 16:11] testDataSource()
[DEBUG] [2021-05-11 16:11] DataSource HikariDataSource (HikariPool-1)
[DEBUG] [2021-05-11 16:11] LoginTimeout 30
[DEBUG] [2021-05-11 16:11] test01SelectStudentById()
[DEBUG] [2021-05-11 16:11] ==>  Preparing: select stud_id, name, email, dob, phone from students WHERE stud_id = ?
[DEBUG] [2021-05-11 16:11] ==> Parameters: 1(Integer)
[TRACE] [2021-05-11 16:11] <==    Columns: stud_id, name, email, dob, phone
[TRACE] [2021-05-11 16:11] <==        Row: 1, Timothy, timothy@gmail.com, 1988-05-25, 123-123-1234
[DEBUG] [2021-05-11 16:11] <==      Total: 1
[DEBUG] [2021-05-11 16:11] Student [1, Timothy, timothy@gmail.com, Wed May 25 00:00:00 KDT 1988, 123-123-1234]
[DEBUG] [2021-05-11 16:11] test02SelectStudentByIdWithResultMap()
[DEBUG] [2021-05-11 16:11] ==>  Preparing: select stud_id, name, email, dob , substring(phone, 1, 3) as f , substring(phone, 5, 3) as m , substring(phone, 9, 4) as l from students where stud_id = ?;
[DEBUG] [2021-05-11 16:11] ==> Parameters: 1(Integer)
[TRACE] [2021-05-11 16:11] <==    Columns: stud_id, name, email, dob, f, m, l
[TRACE] [2021-05-11 16:11] <==        Row: 1, Timothy, timothy@gmail.com, 1988-05-25, 123, 123, 1234
[DEBUG] [2021-05-11 16:11] <==      Total: 1
[DEBUG] [2021-05-11 16:11] Student [1, Timothy, timothy@gmail.com, Wed May 25 00:00:00 KDT 1988, 123-123-1234]
[DEBUG] [2021-05-11 16:11] test03SelectStudentByAll()
[DEBUG] [2021-05-11 16:11] ==>  Preparing: select stud_id, name, email, dob, phone from students
[DEBUG] [2021-05-11 16:11] ==> Parameters: 
[TRACE] [2021-05-11 16:11] <==    Columns: stud_id, name, email, dob, phone
[TRACE] [2021-05-11 16:11] <==        Row: 1, Timothy, timothy@gmail.com, 1988-05-25, 123-123-1234
[TRACE] [2021-05-11 16:11] <==        Row: 2, Douglas, douglas@gmail.com, 1990-08-15, 789-456-1234
[DEBUG] [2021-05-11 16:11] <==      Total: 2
[DEBUG] [2021-05-11 16:11] Student [1, Timothy, timothy@gmail.com, Wed May 25 00:00:00 KDT 1988, 123-123-1234]
[DEBUG] [2021-05-11 16:11] Student [2, Douglas, douglas@gmail.com, Wed Aug 15 00:00:00 KST 1990, 789-456-1234]
[DEBUG] [2021-05-11 16:11] test04InsertStudent()
[DEBUG] [2021-05-11 16:11] ==>  Preparing: insert into students(stud_id, name, email, phone, dob) values (?, ?, ?, ?, ?)
[DEBUG] [2021-05-11 16:11] ==> Parameters: 3(Integer), 홍길동3(String), lee@test.co.kr(String), 010-1234-1234(String), 1990-03-28 16:11:23.04(Timestamp)
[DEBUG] [2021-05-11 16:11] <==    Updates: 1
[DEBUG] [2021-05-11 16:11] res > 1
[DEBUG] [2021-05-11 16:11] test05UpdateStudent()
[DEBUG] [2021-05-11 16:11] ==>  Preparing: update students set name=?, email=?,phone=?, dob=? WHERE stud_id = ?
[DEBUG] [2021-05-11 16:11] ==> Parameters: Timothy(String), test@test.co.kr(String), 987-654-3211(String), 2021-05-11 16:11:23.047(Timestamp), 1(Integer)
[DEBUG] [2021-05-11 16:11] <==    Updates: 1
[DEBUG] [2021-05-11 16:11] ==>  Preparing: update students set name=?, email=?,phone=?, dob=? WHERE stud_id = ?
[DEBUG] [2021-05-11 16:11] ==> Parameters: Timothy(String), timothy@gmail.com(String), 123-123-1234(String), 1988-05-25 00:00:00.0(Timestamp), 1(Integer)
[DEBUG] [2021-05-11 16:11] <==    Updates: 1
[DEBUG] [2021-05-11 16:11] test06DeleteStudent()
[DEBUG] [2021-05-11 16:11] ==>  Preparing: delete from students WHERE stud_id = ?
[DEBUG] [2021-05-11 16:11] ==> Parameters: 3(Integer)
[DEBUG] [2021-05-11 16:11] <==    Updates: 1
[DEBUG] [2021-05-11 16:47] test01SelectStudentById()
[DEBUG] [2021-05-11 16:47] test02SelectStudentByIdWithResultMap()
[DEBUG] [2021-05-11 16:47] test03SelectStudentByAll()
[DEBUG] [2021-05-11 16:47] test04InsertStudent()
[DEBUG] [2021-05-11 16:47] test05UpdateStudent()
[DEBUG] [2021-05-11 16:47] test06DeleteStudent()
[DEBUG] [2021-05-11 16:47] test07SelectStudentByAllForHashMap()
[DEBUG] [2021-05-11 16:47] test10SelectStudentByNoAssociation()
[DEBUG] [2021-05-11 16:49] test01SelectStudentById()
[DEBUG] [2021-05-11 16:49] test02SelectStudentByIdWithResultMap()
[DEBUG] [2021-05-11 16:49] test03SelectStudentByAll()
[DEBUG] [2021-05-11 16:49] test04InsertStudent()
[DEBUG] [2021-05-11 16:49] test05UpdateStudent()
[DEBUG] [2021-05-11 16:49] test06DeleteStudent()
[DEBUG] [2021-05-11 16:49] test07SelectStudentByAllForHashMap()
[DEBUG] [2021-05-11 16:49] test10SelectStudentByNoAssociation()
[DEBUG] [2021-05-11 16:55] test01SelectStudentById()
[DEBUG] [2021-05-11 16:55] ==>  Preparing: select stud_id, name, email, dob, phone from students WHERE stud_id = ?
[DEBUG] [2021-05-11 16:55] ==> Parameters: 1(Integer)
[TRACE] [2021-05-11 16:55] <==    Columns: stud_id, name, email, dob, phone
[TRACE] [2021-05-11 16:55] <==        Row: 1, Timothy, timothy@gmail.com, 1988-05-25, 123-123-1234
[DEBUG] [2021-05-11 16:55] <==      Total: 1
[DEBUG] [2021-05-11 16:55] Student [studId=1, name=Timothy, email=timothy@gmail.com, phone=123-123-1234, dob=Wed May 25 00:00:00 KDT 1988, address=null]
[DEBUG] [2021-05-11 16:55] test02SelectStudentByIdWithResultMap()
[DEBUG] [2021-05-11 16:55] ==>  Preparing: select stud_id, name, email, dob , substring(phone, 1, 3) as f , substring(phone, 5, 3) as m , substring(phone, 9, 4) as l from students where stud_id = ?;
[DEBUG] [2021-05-11 16:55] ==> Parameters: 1(Integer)
[TRACE] [2021-05-11 16:55] <==    Columns: stud_id, name, email, dob, f, m, l
[TRACE] [2021-05-11 16:55] <==        Row: 1, Timothy, timothy@gmail.com, 1988-05-25, 123, 123, 1234
[DEBUG] [2021-05-11 16:55] <==      Total: 1
[DEBUG] [2021-05-11 16:55] Student [studId=1, name=Timothy, email=timothy@gmail.com, phone=123-123-1234, dob=Wed May 25 00:00:00 KDT 1988, address=null]
[DEBUG] [2021-05-11 16:55] test03SelectStudentByAll()
[DEBUG] [2021-05-11 16:55] ==>  Preparing: select stud_id, name, email, dob, phone from students
[DEBUG] [2021-05-11 16:55] ==> Parameters: 
[TRACE] [2021-05-11 16:55] <==    Columns: stud_id, name, email, dob, phone
[TRACE] [2021-05-11 16:55] <==        Row: 1, Timothy, timothy@gmail.com, 1988-05-25, 123-123-1234
[TRACE] [2021-05-11 16:55] <==        Row: 2, Douglas, douglas@gmail.com, 1990-08-15, 789-456-1234
[DEBUG] [2021-05-11 16:55] <==      Total: 2
[DEBUG] [2021-05-11 16:55] Student [studId=1, name=Timothy, email=timothy@gmail.com, phone=123-123-1234, dob=Wed May 25 00:00:00 KDT 1988, address=null]
[DEBUG] [2021-05-11 16:55] Student [studId=2, name=Douglas, email=douglas@gmail.com, phone=789-456-1234, dob=Wed Aug 15 00:00:00 KST 1990, address=null]
[DEBUG] [2021-05-11 16:55] test04InsertStudent()
[DEBUG] [2021-05-11 16:55] ==>  Preparing: insert into students(stud_id, name, email, phone, dob) values (?, ?, ?, ?, ?)
[DEBUG] [2021-05-11 16:55] ==> Parameters: 3(Integer), 홍길동3(String), lee@test.co.kr(String), 010-1234-1234(String), 1990-03-28 16:55:39.632(Timestamp)
[DEBUG] [2021-05-11 16:55] <==    Updates: 1
[DEBUG] [2021-05-11 16:55] res > 1
[DEBUG] [2021-05-11 16:55] test05UpdateStudent()
[DEBUG] [2021-05-11 16:55] ==>  Preparing: update students set name=?, email=?,phone=?, dob=? WHERE stud_id = ?
[DEBUG] [2021-05-11 16:55] ==> Parameters: Timothy(String), test@test.co.kr(String), 987-654-3211(String), 2021-05-11 16:55:39.639(Timestamp), 1(Integer)
[DEBUG] [2021-05-11 16:55] <==    Updates: 1
[DEBUG] [2021-05-11 16:55] ==>  Preparing: update students set name=?, email=?,phone=?, dob=? WHERE stud_id = ?
[DEBUG] [2021-05-11 16:55] ==> Parameters: Timothy(String), timothy@gmail.com(String), 123-123-1234(String), 1988-05-25 00:00:00.0(Timestamp), 1(Integer)
[DEBUG] [2021-05-11 16:55] <==    Updates: 1
[DEBUG] [2021-05-11 16:55] test06DeleteStudent()
[DEBUG] [2021-05-11 16:55] ==>  Preparing: delete from students WHERE stud_id = ?
[DEBUG] [2021-05-11 16:55] ==> Parameters: 3(Integer)
[DEBUG] [2021-05-11 16:55] <==    Updates: 1
[DEBUG] [2021-05-11 16:55] test07SelectStudentByAllForHashMap()
[DEBUG] [2021-05-11 16:55] ==>  Preparing: select stud_id, name, email, dob, phone from students
[DEBUG] [2021-05-11 16:55] ==> Parameters: 
[TRACE] [2021-05-11 16:55] <==    Columns: stud_id, name, email, dob, phone
[TRACE] [2021-05-11 16:55] <==        Row: 1, Timothy, timothy@gmail.com, 1988-05-25, 123-123-1234
[TRACE] [2021-05-11 16:55] <==        Row: 2, Douglas, douglas@gmail.com, 1990-08-15, 789-456-1234
[DEBUG] [2021-05-11 16:55] <==      Total: 2
[DEBUG] [2021-05-11 16:55] stud_id -> 1
[DEBUG] [2021-05-11 16:55] phone -> 123-123-1234
[DEBUG] [2021-05-11 16:55] dob -> 1988-05-25
[DEBUG] [2021-05-11 16:55] name -> Timothy
[DEBUG] [2021-05-11 16:55] email -> timothy@gmail.com
[DEBUG] [2021-05-11 16:55] stud_id -> 2
[DEBUG] [2021-05-11 16:55] phone -> 789-456-1234
[DEBUG] [2021-05-11 16:55] dob -> 1990-08-15
[DEBUG] [2021-05-11 16:55] name -> Douglas
[DEBUG] [2021-05-11 16:55] email -> douglas@gmail.com
[DEBUG] [2021-05-11 16:55] test10SelectStudentByNoAssociation()
[DEBUG] [2021-05-11 16:55] ==>  Preparing: select stud_id, name, email, phone, dob , a.addr_id, street, city, state, zip, country from students s join addresses a on s.addr_id = a.addr_id where stud_id = ?
[DEBUG] [2021-05-11 16:55] ==> Parameters: 1(Integer)
[TRACE] [2021-05-11 16:55] <==    Columns: stud_id, name, email, phone, dob, addr_id, street, city, state, zip, country
[TRACE] [2021-05-11 16:55] <==        Row: 1, Timothy, timothy@gmail.com, 123-123-1234, 1988-05-25, 3, 710 N Cable Rd, Lima, OH, 45825, Allen
[DEBUG] [2021-05-11 16:55] <==      Total: 1
[DEBUG] [2021-05-11 16:55] Student [studId=1, name=Timothy, email=timothy@gmail.com, phone=123-123-1234, dob=Wed May 25 00:00:00 KDT 1988, address=Address [3, 710 N Cable Rd, Lima, OH, 45825, Allen]]
